<?xml version="1.0" encoding="UTF-8"?>
<robot generator="Robot 4.1.2 (Python 3.8.8 on win32)" generated="20211211 19:06:38.677" rpa="false" schemaversion="2">
<suite id="s1" name="Tests" source="D:\_SchoolRelated\3rd_Year-1st_Term\STSWENG\Application\stsweng-1\tests">
<suite id="s1-s1" name="Valid Login" source="D:\_SchoolRelated\3rd_Year-1st_Term\STSWENG\Application\stsweng-1\tests\valid_login.robot">
<test id="s1-s1-t1" name="Valid Login">
<kw name="Open Browser To Login Page" library="resource">
<kw name="Open Browser" library="SeleniumLibrary">
<arg>${LOGIN URL}</arg>
<arg>${BROWSER}</arg>
<doc>Opens a new browser instance to the optional ``url``.</doc>
<msg timestamp="20211211 19:06:38.894" level="INFO">Opening browser 'chrome' to base url 'http://localhost:3000/'.</msg>
<status status="PASS" starttime="20211211 19:06:38.894" endtime="20211211 19:06:40.823"/>
</kw>
<kw name="Maximize Browser Window" library="SeleniumLibrary">
<doc>Maximizes current browser window.</doc>
<status status="PASS" starttime="20211211 19:06:40.823" endtime="20211211 19:06:40.952"/>
</kw>
<kw name="Set Selenium Speed" library="SeleniumLibrary">
<arg>${DELAY}</arg>
<doc>Sets the delay that is waited after each Selenium command.</doc>
<status status="PASS" starttime="20211211 19:06:40.952" endtime="20211211 19:06:40.952"/>
</kw>
<kw name="Login Page Should Be Open" library="resource">
<kw name="Page Should Contain Element" library="SeleniumLibrary">
<arg>username</arg>
<doc>Verifies that element ``locator`` is found on the current page.</doc>
<msg timestamp="20211211 19:06:40.964" level="INFO">Current page contains element 'username'.</msg>
<status status="PASS" starttime="20211211 19:06:40.953" endtime="20211211 19:06:40.964"/>
</kw>
<kw name="Page Should Contain Element" library="SeleniumLibrary">
<arg>password</arg>
<doc>Verifies that element ``locator`` is found on the current page.</doc>
<msg timestamp="20211211 19:06:40.972" level="INFO">Current page contains element 'password'.</msg>
<status status="PASS" starttime="20211211 19:06:40.964" endtime="20211211 19:06:40.972"/>
</kw>
<kw name="Page Should Contain Element" library="SeleniumLibrary">
<arg>class:btn</arg>
<doc>Verifies that element ``locator`` is found on the current page.</doc>
<msg timestamp="20211211 19:06:40.980" level="INFO">Current page contains element 'class:btn'.</msg>
<status status="PASS" starttime="20211211 19:06:40.973" endtime="20211211 19:06:40.980"/>
</kw>
<kw name="Page Should Contain Element" library="SeleniumLibrary">
<arg>class:btn-dark</arg>
<doc>Verifies that element ``locator`` is found on the current page.</doc>
<msg timestamp="20211211 19:06:40.988" level="INFO">Current page contains element 'class:btn-dark'.</msg>
<status status="PASS" starttime="20211211 19:06:40.980" endtime="20211211 19:06:40.988"/>
</kw>
<kw name="Page Should Contain Element" library="SeleniumLibrary">
<arg>class:rounded-lg</arg>
<doc>Verifies that element ``locator`` is found on the current page.</doc>
<msg timestamp="20211211 19:06:40.996" level="INFO">Current page contains element 'class:rounded-lg'.</msg>
<status status="PASS" starttime="20211211 19:06:40.988" endtime="20211211 19:06:40.996"/>
</kw>
<status status="PASS" starttime="20211211 19:06:40.952" endtime="20211211 19:06:40.996"/>
</kw>
<status status="PASS" starttime="20211211 19:06:38.893" endtime="20211211 19:06:40.996"/>
</kw>
<kw name="Input Username" library="resource">
<arg>${VALID USER}</arg>
<kw name="Input Text" library="SeleniumLibrary">
<arg>username</arg>
<arg>${username}</arg>
<doc>Types the given ``text`` into the text field identified by ``locator``.</doc>
<msg timestamp="20211211 19:06:40.998" level="INFO">Typing text 'admin' into text field 'username'.</msg>
<status status="PASS" starttime="20211211 19:06:40.997" endtime="20211211 19:06:41.064"/>
</kw>
<status status="PASS" starttime="20211211 19:06:40.997" endtime="20211211 19:06:41.064"/>
</kw>
<kw name="Input Pass" library="resource">
<arg>${VALID PASSWORD}</arg>
<kw name="Input Password" library="SeleniumLibrary">
<arg>password</arg>
<arg>${password}</arg>
<doc>Types the given password into the text field identified by ``locator``.</doc>
<msg timestamp="20211211 19:06:41.065" level="INFO">Typing password into text field 'password'.</msg>
<msg timestamp="20211211 19:06:41.093" level="INFO">Temporally setting log level to: NONE</msg>
<msg timestamp="20211211 19:06:41.123" level="INFO">Log level changed from NONE to INFO.</msg>
<status status="PASS" starttime="20211211 19:06:41.065" endtime="20211211 19:06:41.123"/>
</kw>
<status status="PASS" starttime="20211211 19:06:41.065" endtime="20211211 19:06:41.123"/>
</kw>
<kw name="Submit Credentials" library="resource">
<kw name="Click Button" library="SeleniumLibrary">
<arg>class:btn</arg>
<doc>Clicks the button identified by ``locator``.</doc>
<msg timestamp="20211211 19:06:41.125" level="INFO">Clicking button 'class:btn'.</msg>
<status status="PASS" starttime="20211211 19:06:41.124" endtime="20211211 19:06:41.330"/>
</kw>
<status status="PASS" starttime="20211211 19:06:41.124" endtime="20211211 19:06:41.330"/>
</kw>
<kw name="Close Browser" library="SeleniumLibrary" type="TEARDOWN">
<doc>Closes the current browser.</doc>
<status status="PASS" starttime="20211211 19:06:41.331" endtime="20211211 19:06:43.508"/>
</kw>
<status status="PASS" starttime="20211211 19:06:38.892" endtime="20211211 19:06:43.508"/>
</test>
<doc>A test suite with a single test for valid login

This test follows the keywords from
the resource.robot</doc>
<status status="PASS" starttime="20211211 19:06:38.705" endtime="20211211 19:06:43.510"/>
</suite>
<status status="PASS" starttime="20211211 19:06:38.678" endtime="20211211 19:06:43.512"/>
</suite>
<statistics>
<total>
<stat pass="1" fail="0" skip="0">All Tests</stat>
</total>
<tag>
</tag>
<suite>
<stat pass="1" fail="0" skip="0" id="s1" name="Tests">Tests</stat>
<stat pass="1" fail="0" skip="0" id="s1-s1" name="Valid Login">Tests.Valid Login</stat>
</suite>
</statistics>
<errors>
</errors>
</robot>
